Nov 05 09:34 : config: inotify: auto_update was disabled. enable during compilation phase
Nov 05 09:34 : update: added /04. Walking The Wire.mp3
Nov 05 09:34 : update: added /Monty Datta - Chill Summer Nights - Lofi Hip Hop Mix - 12 She is Gone Like Summer.mp3
Nov 05 09:34 : update: added /I Ain't Worried.mp3
Nov 05 09:34 : update: added /05 - Snowchild.mp3
Nov 05 09:34 : update: added /Monty Datta - Chill Summer Nights - Lofi Hip Hop Mix - 08 SIX PM.mp3
Nov 05 09:34 : update: added /07 - Heartless.mp3
Nov 05 09:34 : update: added /Monty Datta - Chill Summer Nights - Lofi Hip Hop Mix - 11 Where Have You Been All My Life.mp3
Nov 05 09:34 : update: added /The Man, The Legend   Touchdown.mp3
Nov 05 09:34 : update: added /03. Believer.mp3
Nov 05 09:34 : update: added /14 - Until I Bleed Out.mp3
Nov 05 09:34 : update: added /07. Yesterday.mp3
Nov 05 09:34 : update: added /05. Rise Up.mp3
Nov 05 09:34 : update: added /You’re Where You Belong   Give ‘Em Hell.mp3
Nov 05 09:34 : update: added /14. Believer (Kaskade Remix).mp3
Nov 05 09:34 : update: added /01 - Alone Again.mp3
Nov 05 09:34 : update: added /06 - Escape From LA.mp3
Nov 05 09:34 : update: added /Great Balls Of Fire - Live.mp3
Nov 05 09:34 : update: added /Monty Datta - Chill Summer Nights - Lofi Hip Hop Mix - 06 Silver Swan.mp3
Nov 05 09:34 : update: added /03 - Hardest To Love.mp3
Nov 05 09:34 : update: added /Monty Datta - Chill Summer Nights - Lofi Hip Hop Mix - 01 Let Me Do Nothing In Peace.mp3
Nov 05 09:34 : update: added /12. Levitate.mp3
Nov 05 09:34 : update: added /Monty Datta - Chill Summer Nights - Lofi Hip Hop Mix - 09 Antique Flavour.mp3
Nov 05 09:34 : update: added /12 - Repeat After Me (Interlude).mp3
Nov 05 09:34 : update: added /10. Start Over.mp3
Nov 05 09:34 : update: added /Danger Zone.mp3
Nov 05 09:34 : update: added /06. I’ll Make It Up To You.mp3
Nov 05 09:34 : update: added /02 - Too Late.mp3
Nov 05 09:34 : update: added /Hold My Hand.mp3
Nov 05 09:34 : update: added /13 - After Hours.mp3
Nov 05 09:34 : ffmpeg/mp3: Estimating duration from bitrate, this may be inaccurate
Nov 05 09:34 : update: added /Duncan Laurence-Arcade.mp3
Nov 05 09:34 : update: added /Penny Returns - Interlude.mp3
Nov 05 09:34 : update: added /08. Mouth Of The River.mp3
Nov 05 09:34 : update: added /01. I Don’t Know Why.mp3
Nov 05 09:34 : update: added /11 - Save Your Tears.mp3
Nov 05 09:34 : update: added /Monty Datta - Chill Summer Nights - Lofi Hip Hop Mix - 02 Guess I'm in Love.mp3
Nov 05 09:34 : update: added /Dagger One Is Hit   Time To Let Go.mp3
Nov 05 09:34 : update: added /Monty Datta - Chill Summer Nights - Lofi Hip Hop Mix - 07 Am I Really Living.mp3
Nov 05 09:34 : update: added /04 - Scared To Live.mp3
Nov 05 09:34 : update: added /Main Titles (You’ve Been Called Back to Top Gun).mp3
Nov 05 09:34 : update: added /11. Dancing In The Dark.mp3
Nov 05 09:34 : update: added /10 - In Your Eyes.mp3
Nov 05 09:34 : update: added /Monty Datta - Chill Summer Nights - Lofi Hip Hop Mix - 10 Coexist.mp3
Nov 05 09:34 : update: added /Darkstar.mp3
Nov 05 09:34 : update: added /Monty Datta - Chill Summer Nights - Lofi Hip Hop Mix - 04 What Happened to the Flowers.mp3
Nov 05 09:34 : update: added /08 - Faith.mp3
Nov 05 09:34 : update: added /Monty Datta - Chill Summer Nights - Lofi Hip Hop Mix - 05 Jamming in Heaven.mp3
Nov 05 09:34 : update: added /13. Not Today.mp3
Nov 05 09:34 : update: added /09. Thunder.mp3
Nov 05 09:34 : update: added /Top Gun Anthem.mp3
Nov 05 09:34 : update: added /Monty Datta - Chill Summer Nights - Lofi Hip Hop Mix - 03 Moonlight in La La Land.mp3
Nov 05 09:34 : update: added /Tally Two   What’s The Plan   F-14.mp3
Nov 05 09:34 : update: added /09 - Blinding Lights.mp3
Nov 05 09:34 : update: added /02. Whatever It Takes.mp3
Nov 05 09:34 : exception: Failed to open /Users/aspect/.mpd/playlists: No such file or directory
Nov 05 09:42 : exception: Failed to open /Users/aspect/.mpd/playlists: No such file or directory
Nov 05 10:13 : exception: Failed to open /Users/aspect/.mpd/playlists: No such file or directory
Nov 05 10:20 : exception: Failed to open /Users/aspect/.mpd/playlists: No such file or directory
Nov 05 10:20 : exception: Failed to open /Users/aspect/.mpd/playlists: No such file or directory
Nov 05 10:20 : exception: Failed to open /Users/aspect/.mpd/playlists: No such file or directory
Nov 05 10:21 : exception: Failed to open /Users/aspect/.mpd/playlists: No such file or directory
Nov 05 10:21 : exception: Failed to open /Users/aspect/.mpd/playlists: No such file or directory
Nov 05 10:22 : exception: Failed to open /Users/aspect/.mpd/playlists: No such file or directory
Nov 05 10:23 : exception: Failed to open /Users/aspect/.mpd/playlists: No such file or directory
Nov 05 10:24 : exception: Failed to open /Users/aspect/.mpd/playlists: No such file or directory
Nov 05 10:24 : config: inotify: auto_update was disabled. enable during compilation phase
Nov 05 10:26 : update: added /04. High Hopes.mp3
Nov 05 10:26 : update: added /08 Love Her.mp3
Nov 05 10:26 : update: added /12 Hesitate.mp3
Nov 05 10:26 : update: added /14. I Heard You’re Married.mp3
Nov 05 10:26 : ffmpeg/mp3: Format mp3 detected only with low score of 1, misdetection possible!
Nov 05 10:26 : ffmpeg/mp3float: Header missing
Nov 05 10:26 : ffmpeg/mp3: Estimating duration from bitrate, this may be inaccurate
Nov 05 10:26 : update: added /03. Weak.mp3
Nov 05 10:26 : update: added /13. Don’t Break My Heart.mp3
Nov 05 10:26 : update: added /01 Sucker.mp3
Nov 05 10:26 : update: added /04-coldplay---be2b2839.mp3
Nov 05 10:26 : ffmpeg/mp3: Format mp3 detected only with low score of 1, misdetection possible!
Nov 05 10:26 : ffmpeg/mjpeg: EOI missing, emulating
Nov 05 10:26 : ffmpeg/mp3float: Header missing
Nov 05 10:26 : ffmpeg/mp3float: Header missing
Nov 05 10:26 : ffmpeg/mp3float: Header missing
Nov 05 10:26 : ffmpeg/mp3: Estimating duration from bitrate, this may be inaccurate
Nov 05 10:26 : update: added /08. Three-Thirty.mp3
Nov 05 10:26 : update: added /03. Hey Look Ma, I Made It.mp3
Nov 05 10:26 : update: added /10. Is There Someone Else_.mp3
Nov 05 10:26 : update: added /05. Sacrifice.mp3
Nov 05 10:26 : update: added /07. One of the Drunks.mp3
Nov 05 10:26 : update: added /05 Used To Be.mp3
Nov 05 10:26 : update: added /09 Happy When I'm Sad.mp3
Nov 05 10:26 : update: added /01 - OK Overture.mp3
Nov 05 10:26 : update: added /11. Dying in LA.mp3
Nov 05 10:26 : update: added /12-coldplay-coloratura-64ec9957.mp3
Nov 05 10:26 : update: added /02. Say Amen (Saturday Night).mp3
Nov 05 10:26 : update: added /11. Netflix Trip.mp3
Nov 05 10:26 : update: added /06 Every Single Time.mp3
Nov 05 10:26 : update: added /04. Take My Breath.mp3
Nov 05 10:26 : update: added /09 - Ordinaryish People (feat. Blue Man Group).mp3
Nov 05 10:26 : update: added /09. King of the Clouds.mp3
Nov 05 10:26 : update: added /05-coldplay-let_somebody_go-6affdfa4.mp3
Nov 05 10:26 : update: added /05. Roaring 20s.mp3
Nov 05 10:26 : ffmpeg/mp3: filesize and duration do not match (growing file?)
Nov 05 10:26 : update: added /12. Bud Like You.mp3
Nov 05 10:26 : update: added /03 - 3 O'Clock Things.mp3
Nov 05 10:26 : update: added /10-coldplay-my_universe-1d9da1c8.mp3
Nov 05 10:26 : update: added /05 - Joe.mp3
Nov 05 10:26 : update: added /11 - World's Smallest Violin.mp3
Nov 05 10:26 : update: added /14 Comeback.mp3
Nov 05 10:26 : update: added /06. A Tale By Quincy.mp3
Nov 05 10:26 : update: added /02 Cool.mp3
Nov 05 10:26 : update: added /10 - Humpty Dumpty.mp3
Nov 05 10:26 : update: added /02. Gasoline.mp3
Nov 05 10:26 : update: added /11-coldplay--34871ee6.mp3
Nov 05 10:26 : update: added /02 - Bummerland.mp3
Nov 05 10:26 : update: added /06. Dancing's Not a Crime.mp3
Nov 05 10:26 : update: added /01. Dawn FM.mp3
Nov 05 10:26 : ffmpeg/mp3float: Header missing
Nov 05 10:26 : ffmpeg/mp3: Estimating duration from bitrate, this may be inaccurate
Nov 05 10:26 : update: added /05. Drama.mp3
Nov 05 10:26 : update: added /03-coldplay-humankind-aeef8cf5.mp3
Nov 05 10:26 : ffmpeg/mp3: Format mp3 detected only with low score of 1, misdetection possible!
Nov 05 10:26 : ffmpeg/mp3float: Header missing
Nov 05 10:26 : ffmpeg/mp3: Estimating duration from bitrate, this may be inaccurate
Nov 05 10:26 : update: added /02. The Good Part.mp3
Nov 05 10:26 : update: added /13 - Christmas in June.mp3
Nov 05 10:26 : update: added /06 - Adventure Is Out There.mp3
Nov 05 10:26 : update: added /01. (Fuck a) Silver Lining.mp3
Nov 05 10:26 : update: added /08 - The Trick.mp3
Nov 05 10:26 : ffmpeg/mp3: Format mp3 detected only with low score of 1, misdetection possible!
Nov 05 10:26 : ffmpeg/mp3float: Header missing
Nov 05 10:26 : ffmpeg/mp3: Estimating duration from bitrate, this may be inaccurate
Nov 05 10:26 : update: added /01. Overture.mp3
Nov 05 10:26 : update: added /06. Turning Out.mp3
Nov 05 10:26 : update: added /11. Starry Eyes.mp3
Nov 05 10:26 : update: added /15. Less Than Zero.mp3
Nov 05 10:26 : ffmpeg/mp3: Format mp3 detected only with low score of 1, misdetection possible!
Nov 05 10:26 : ffmpeg/mp3float: Header missing
Nov 05 10:26 : ffmpeg/mp3: Estimating duration from bitrate, this may be inaccurate
Nov 05 10:26 : update: added /13. Come Hang Out.mp3
Nov 05 10:26 : ffmpeg/mp3: filesize and duration do not match (growing file?)
Nov 05 10:26 : update: added /09. Call My Dad.mp3
Nov 05 10:26 : update: added /07-coldplay-people_of_the_pride-3ae5c391.mp3
Nov 05 10:26 : update: added /07. Out of Time.mp3
Nov 05 10:26 : update: added /10. Old Fashioned.mp3
Nov 05 10:26 : update: added /07 - Bang!.mp3
Nov 05 10:26 : update: added /09-coldplay--956efec6.mp3
Nov 05 10:26 : update: added /06-coldplay--3b52c050.mp3
Nov 05 10:26 : update: added /10 Trust.mp3
Nov 05 10:26 : ffmpeg/mp3: Format mp3 detected only with low score of 1, misdetection possible!
Nov 05 10:26 : ffmpeg/mjpeg: EOI missing, emulating
Nov 05 10:26 : ffmpeg/mp3float: Header missing
Nov 05 10:26 : ffmpeg/mp3: Estimating duration from bitrate, this may be inaccurate
Nov 05 10:26 : update: added /07. No Grass Today.mp3
Nov 05 10:26 : update: added /02-coldplay-higher_power-478f13b3.mp3
Nov 05 10:26 : update: added /04 I Believe.mp3
Nov 05 10:26 : update: added /13 Rollercoaster.mp3
Nov 05 10:26 : update: added /16. Phantom Regret by Jim.mp3
Nov 05 10:26 : update: added /08-coldplay-biutyful-7aa9ba5b.mp3
Nov 05 10:26 : update: added /11 Strangers.mp3
Nov 05 10:26 : update: added /01-coldplay--79df5fd4.mp3
Nov 05 10:26 : update: added /04 - My Play.mp3
Nov 05 10:26 : update: added /12 - Way Less Sad.mp3
Nov 05 10:26 : update: added /09. Best Friends.mp3
Nov 05 10:26 : update: added /03 Only Human.mp3
Nov 05 10:26 : update: added /08. Here We Go… Again.mp3
Nov 05 10:26 : ffmpeg/mp3: Format mp3 detected only with low score of 1, misdetection possible!
Nov 05 10:26 : ffmpeg/mjpeg: EOI missing, emulating
Nov 05 10:26 : ffmpeg/mp3float: Header missing
Nov 05 10:26 : ffmpeg/mp3: Estimating duration from bitrate, this may be inaccurate
Nov 05 10:26 : update: added /04. Sober Up (feat. Rivers Cuomo).mp3
Nov 05 10:26 : update: added /03. How Do I Make You Love Me_.mp3
Nov 05 10:26 : update: added /12. Every Angel is Terrifying.mp3
Nov 05 10:26 : ffmpeg/mp3: Format mp3 detected only with low score of 1, misdetection possible!
Nov 05 10:26 : ffmpeg/mp3float: Header missing
Nov 05 10:26 : ffmpeg/mp3: Estimating duration from bitrate, this may be inaccurate
Nov 05 10:26 : update: added /10. I'm Not Famous.mp3
Nov 05 10:26 : update: added /07 Don't Throw it Away.mp3
Nov 05 10:26 : update: added /08. The Overpass.mp3
Nov 05 10:26 : exception: Failed to open /Users/aspect/.mpd/playlists: No such file or directory
Nov 05 10:29 : exception: Failed to open /Users/aspect/.mpd/playlists: No such file or directory
Nov 05 10:32 : exception: Failed to open /Users/aspect/.mpd/playlists: No such file or directory
Nov 05 10:32 : ffmpeg/mp3float: Could not update timestamps for skipped samples.
Nov 05 10:32 : exception: Failed to open /Users/aspect/.mpd/playlists: No such file or directory
Nov 05 10:32 : player: played "01 - Alone Again.mp3"
Nov 05 10:34 : exception: Failed to open /Users/aspect/.mpd/playlists: No such file or directory
Nov 05 10:34 : exception: Failed to open /Users/aspect/.mpd/playlists: No such file or directory
Nov 05 10:36 : exception: Failed to open /Users/aspect/.mpd/playlists: No such file or directory
Nov 05 10:39 : ffmpeg/mp3float: Could not update timestamps for skipped samples.
Nov 05 10:40 : player: played "Dagger One Is Hit   Time To Let Go.mp3"
Nov 05 10:41 : ffmpeg/mp3: Format mp3 detected only with low score of 1, misdetection possible!
Nov 05 10:41 : ffmpeg/mp3float: Header missing
Nov 05 10:41 : ffmpeg/mp3: Estimating duration from bitrate, this may be inaccurate
Nov 05 10:41 : ffmpeg/mp3float: Header missing
Nov 05 10:41 : ffmpeg: avcodec_send_packet() failed: Invalid data found when processing input
Nov 05 10:41 : ffmpeg/mp3float: Header missing
Nov 05 10:41 : ffmpeg: avcodec_send_packet() failed: Invalid data found when processing input
Nov 05 10:41 : ffmpeg/mp3: Format mp3 detected only with low score of 1, misdetection possible!
Nov 05 10:41 : ffmpeg/mjpeg: EOI missing, emulating
Nov 05 10:41 : ffmpeg/mp3float: Header missing
Nov 05 10:41 : ffmpeg/mp3: Estimating duration from bitrate, this may be inaccurate
Nov 05 10:41 : ffmpeg/mp3float: Header missing
Nov 05 10:41 : ffmpeg: avcodec_send_packet() failed: Invalid data found when processing input
Nov 05 10:41 : ffmpeg/mp3float: Could not update timestamps for skipped samples.
Nov 05 12:31 : ffmpeg/mp3float: Could not update timestamps for skipped samples.
Nov 05 12:33 : ffmpeg/mp3float: Could not update timestamps for skipped samples.
Nov 05 12:33 : ffmpeg/mp3float: Could not update timestamps for skipped samples.
Nov 05 12:36 : ffmpeg/mp3float: Could not update timestamps for discarded samples.
Nov 05 12:36 : ffmpeg/mp3float: Could not update timestamps for skipped samples.
Nov 05 12:36 : player: played "11 - World's Smallest Violin.mp3"
Nov 05 12:37 : ffmpeg/mp3float: Could not update timestamps for skipped samples.
Nov 05 12:37 : ffmpeg/mp3float: Could not update timestamps for skipped samples.
Nov 05 12:38 : ffmpeg/mp3float: Could not update timestamps for skipped samples.
Nov 05 12:41 : ffmpeg/mp3float: Could not update timestamps for discarded samples.
Nov 05 12:41 : ffmpeg/mp3: Format mp3 detected only with low score of 1, misdetection possible!
Nov 05 12:41 : ffmpeg/mp3float: Header missing
Nov 05 12:41 : ffmpeg/mp3: Estimating duration from bitrate, this may be inaccurate
Nov 05 12:41 : ffmpeg/mp3float: Header missing
Nov 05 12:41 : ffmpeg: avcodec_send_packet() failed: Invalid data found when processing input
Nov 05 12:41 : player: played "Danger Zone.mp3"
Nov 05 12:41 : ffmpeg/mp3: Format mp3 detected only with low score of 1, misdetection possible!
Nov 05 12:41 : ffmpeg/mjpeg: EOI missing, emulating
Nov 05 12:41 : ffmpeg/mp3float: Header missing
Nov 05 12:41 : ffmpeg/mp3: Estimating duration from bitrate, this may be inaccurate
Nov 05 12:41 : ffmpeg/mp3float: Header missing
Nov 05 12:41 : ffmpeg: avcodec_send_packet() failed: Invalid data found when processing input
Nov 05 12:41 : ffmpeg/mp3float: Header missing
Nov 05 12:41 : ffmpeg: avcodec_send_packet() failed: Invalid data found when processing input
Nov 05 12:42 : ffmpeg/mp3float: Could not update timestamps for skipped samples.
Nov 05 12:44 : ffmpeg/mp3float: Could not update timestamps for discarded samples.
Nov 05 12:44 : ffmpeg/mp3float: Could not update timestamps for skipped samples.
Nov 05 12:45 : player: played "05. Roaring 20s.mp3"
Nov 05 12:48 : ffmpeg/mp3float: Could not update timestamps for discarded samples.
Nov 05 12:48 : ffmpeg/mp3float: Could not update timestamps for skipped samples.
Nov 05 12:48 : player: played "06. Dancing's Not a Crime.mp3"
Nov 05 12:49 : ffmpeg/mp3float: Could not update timestamps for skipped samples.
Nov 05 12:52 : ffmpeg/mp3float: Could not update timestamps for discarded samples.
Nov 05 12:52 : ffmpeg/mp3float: Could not update timestamps for skipped samples.
Nov 05 12:52 : player: played "02-coldplay-higher_power-478f13b3.mp3"
Nov 05 12:54 : ffmpeg/mp3float: Could not update timestamps for skipped samples.
Nov 05 12:54 : ffmpeg/mp3float: Could not update timestamps for skipped samples.
Nov 05 12:55 : update: added /04. Oasis  Go Let It Out!.mp3
Nov 05 12:55 : update: added /06. Oasis  Sunday Morning Call.mp3
Nov 05 12:55 : update: added /05. Oasis  Who Feels Love.mp3
Nov 05 12:55 : update: added /04 Emperors New Clothes.mp3
Nov 05 12:55 : update: added /10. Some Might Say.mp3
Nov 05 12:55 : update: added /12. Champagne Supernova.mp3
Nov 05 12:55 : update: added /03. Oasis  Rockin' Chair.mp3
Nov 05 12:55 : update: added /09. Don't Look Back In Anger.mp3
Nov 05 12:55 : update: added /09 The Good The Bad and the Dirty.mp3
Nov 05 12:55 : update: added /01. Rock 'N' Roll Star.mp3
Nov 05 12:55 : update: added /16. Oasis  Falling Down.mp3
Nov 05 12:55 : update: added /11. Morning Glory.mp3
Nov 05 12:55 : update: added /07. Oasis  The Hindu Times.mp3
Nov 05 12:55 : update: added /09. Oasis  Songbird.mp3
Nov 05 12:55 : update: added /02 Dont Threaten me With a Good Time-.mp3
Nov 05 12:55 : update: added /11. Oasis  Lyla.mp3
Nov 05 12:55 : update: added /01. Oasis  All Around The World.mp3
Nov 05 12:55 : update: added /12. Oasis  The Importance Of Being Idle.mp3
Nov 05 12:55 : update: added /14. Stand By Me.mp3
Nov 05 12:55 : update: added /06. Whatever.mp3
Nov 05 12:55 : update: added /07. Roll With It.mp3
Nov 05 12:55 : update: added /02. Oasis  Acquiesce.mp3
Nov 05 12:55 : update: added /14. Oasis  Lord Don't Slow Me Down.mp3
Nov 05 12:55 : update: added /10. Oasis  Little By Little.mp3
Nov 05 12:55 : update: added /04. Supersonic.mp3
Nov 05 12:55 : update: added /17. Oasis  I'm Outta Time.mp3
Nov 05 12:55 : ffmpeg/mp3: Estimating duration from bitrate, this may be inaccurate
Nov 05 12:55 : update: added /Charlie Puth Light Switch.mp3
Nov 05 12:55 : update: added /02. Shakermaker.mp3
Nov 05 12:55 : update: added /13. D'You Know What I Mean.mp3
Nov 05 12:55 : update: added /11 Impossible Year.mp3
Nov 05 12:55 : update: added /08. Oasis  Stop Crying Your Heart Out.mp3
Nov 05 12:55 : update: added /08 Golden Days.mp3
Nov 05 12:55 : update: added /07 La Devotee.mp3
Nov 05 12:55 : update: added /03. Live Forever.mp3
Nov 05 12:55 : update: added /06 Crazy Genius.mp3
Nov 05 12:55 : update: added /08. Wonderwall.mp3
Nov 05 12:55 : update: added /03 Hallelujah.mp3
Nov 05 12:55 : update: added /13. Oasis  Let There Be Love.mp3
Nov 05 12:55 : update: added /05. Cigarettes & Alcohol.mp3
Nov 05 12:55 : update: added /15. Oasis  The Shock Of The Lightning.mp3
Nov 05 12:55 : update: added /01 Victorious.mp3
Nov 05 12:55 : update: added /05 Death of a Bachelor.mp3
Nov 05 12:55 : update: added /10 House of memorie (feat. Dylan Schwab).mp3
Nov 05 12:55 : update: added /15. Don't Go Away.mp3
Nov 05 12:55 : ffmpeg/mp3float: Could not update timestamps for skipped samples.
Nov 05 12:57 : ffmpeg/mp3float: Could not update timestamps for skipped samples.
Nov 05 12:57 : ffmpeg/mp3float: Could not update timestamps for skipped samples.
Nov 05 13:00 : ffmpeg/mp3float: Could not update timestamps for discarded samples.
Nov 05 13:00 : player: played "Darkstar.mp3"
Nov 05 13:01 : ffmpeg/mp3: Estimating duration from bitrate, this may be inaccurate
Nov 05 13:02 : player: played "Duncan Laurence-Arcade.mp3"
Nov 05 13:11 : ffmpeg/mp3float: Could not update timestamps for skipped samples.
Nov 05 13:14 : ffmpeg/mp3float: Could not update timestamps for discarded samples.
Nov 05 13:14 : ffmpeg/mp3float: Could not update timestamps for skipped samples.
Nov 05 13:15 : player: played "Danger Zone.mp3"
Nov 05 13:16 : ffmpeg/mp3float: Could not update timestamps for skipped samples.
Nov 05 13:30 : ffmpeg/mp3float: Could not update timestamps for skipped samples.
Nov 05 13:53 : ffmpeg/mp3float: Could not update timestamps for skipped samples.
Nov 05 13:53 : ffmpeg/mp3float: Could not update timestamps for skipped samples.
Nov 05 13:53 : ffmpeg/mp3float: Could not update timestamps for skipped samples.
Nov 05 13:53 : ffmpeg/mp3float: Could not update timestamps for skipped samples.
Nov 05 13:58 : ffmpeg/mp3float: Could not update timestamps for skipped samples.
Nov 05 14:00 : ffmpeg/mp3float: Could not update timestamps for discarded samples.
Nov 05 14:00 : ffmpeg/mp3float: Could not update timestamps for skipped samples.
Nov 05 14:00 : player: played "Main Titles (You’ve Been Called Back to Top Gun).mp3"
Nov 05 14:03 : ffmpeg/mp3float: Could not update timestamps for discarded samples.
Nov 05 14:03 : ffmpeg/mp3float: Could not update timestamps for skipped samples.
Nov 05 14:04 : player: played "Danger Zone.mp3"
Nov 05 14:04 : player: played "Great Balls Of Fire - Live.mp3"
Nov 05 15:30 : ffmpeg/mp3float: Could not update timestamps for skipped samples.
Nov 05 15:34 : ffmpeg/mp3float: Could not update timestamps for skipped samples.
Nov 05 15:36 : ffmpeg/mp3float: Could not update timestamps for discarded samples.
Nov 05 15:36 : ffmpeg/mp3float: Could not update timestamps for skipped samples.
Nov 05 15:36 : player: played "Top Gun Anthem.mp3"
Nov 05 15:36 : player: played "01 - Alone Again.mp3"
Nov 05 19:41 : ffmpeg/mp3float: Could not update timestamps for skipped samples.
Nov 05 19:41 : player: played "Top Gun Anthem.mp3"
Nov 05 19:42 : ffmpeg/mp3float: Could not update timestamps for skipped samples.
Nov 05 19:42 : ffmpeg/mp3float: Could not update timestamps for skipped samples.
Nov 05 19:42 : player: played "01 - Alone Again.mp3"
Nov 05 19:42 : ffmpeg/mp3float: Could not update timestamps for skipped samples.
Nov 05 19:42 : player: played "You’re Where You Belong   Give ‘Em Hell.mp3"
Nov 06 10:57 : ffmpeg/mp3: Format mp3 detected only with low score of 1, misdetection possible!
Nov 06 10:57 : ffmpeg/mjpeg: EOI missing, emulating
Nov 06 10:57 : ffmpeg/mp3float: Header missing
Nov 06 10:57 : ffmpeg/mp3: Estimating duration from bitrate, this may be inaccurate
Nov 06 10:57 : ffmpeg/mp3float: Header missing
Nov 06 10:57 : ffmpeg: avcodec_send_packet() failed: Invalid data found when processing input
Nov 06 10:58 : ffmpeg/mp3float: Header missing
Nov 06 10:58 : ffmpeg: avcodec_send_packet() failed: Invalid data found when processing input
Nov 06 10:58 : ffmpeg/mp3float: Header missing
Nov 06 10:58 : ffmpeg: avcodec_send_packet() failed: Invalid data found when processing input
Nov 06 10:58 : ffmpeg/mp3float: Header missing
Nov 06 10:58 : ffmpeg: avcodec_send_packet() failed: Invalid data found when processing input
Nov 06 10:58 : ffmpeg/mp3float: Header missing
Nov 06 10:58 : ffmpeg: avcodec_send_packet() failed: Invalid data found when processing input
Nov 06 10:58 : ffmpeg/mp3float: Header missing
Nov 06 10:58 : ffmpeg: avcodec_send_packet() failed: Invalid data found when processing input
Nov 06 10:58 : ffmpeg/mp3float: invalid new backstep -1
Nov 06 10:58 : ffmpeg/mp3float: Header missing
Nov 06 10:58 : ffmpeg/mp3: Estimating duration from bitrate, this may be inaccurate
Nov 06 10:58 : ffmpeg/mp3float: Header missing
Nov 06 10:58 : ffmpeg: avcodec_send_packet() failed: Invalid data found when processing input
Nov 06 10:58 : player: played "04. Sober Up (feat. Rivers Cuomo).mp3"
Nov 06 11:16 : ffmpeg/mp3float: Could not update timestamps for skipped samples.
Nov 06 11:18 : ffmpeg/mp3float: Could not update timestamps for discarded samples.
Nov 06 11:18 : ffmpeg/mp3float: Could not update timestamps for skipped samples.
Nov 06 11:19 : player: played "11 - World's Smallest Violin.mp3"
Nov 06 11:22 : ffmpeg/mp3float: Could not update timestamps for discarded samples.
Nov 06 11:22 : ffmpeg/mp3float: Could not update timestamps for skipped samples.
Nov 06 11:22 : player: played "12 - Way Less Sad.mp3"
Nov 06 11:23 : ffmpeg/mp3float: Could not update timestamps for skipped samples.
Nov 06 11:23 : player: played "Danger Zone.mp3"
Nov 06 16:11 : ffmpeg/mp3: Estimating duration from bitrate, this may be inaccurate
Nov 06 16:13 : ffmpeg/mp3: Format mp3 detected only with low score of 1, misdetection possible!
Nov 06 16:13 : ffmpeg/mp3float: Header missing
Nov 06 16:13 : ffmpeg/mp3: Estimating duration from bitrate, this may be inaccurate
Nov 06 16:13 : ffmpeg/mp3float: Header missing
Nov 06 16:13 : ffmpeg: avcodec_send_packet() failed: Invalid data found when processing input
Nov 06 16:14 : ffmpeg/mp3float: Header missing
Nov 06 16:14 : ffmpeg: avcodec_send_packet() failed: Invalid data found when processing input
Nov 06 16:14 : player: played "Duncan Laurence-Arcade.mp3"
Nov 06 16:14 : ffmpeg/mp3: Format mp3 detected only with low score of 1, misdetection possible!
Nov 06 16:14 : ffmpeg/mjpeg: EOI missing, emulating
Nov 06 16:14 : ffmpeg/mp3float: Header missing
Nov 06 16:14 : ffmpeg/mp3: Estimating duration from bitrate, this may be inaccurate
Nov 06 16:14 : ffmpeg/mp3float: Header missing
Nov 06 16:14 : ffmpeg: avcodec_send_packet() failed: Invalid data found when processing input
Nov 06 16:14 : player: played "03. Weak.mp3"
Nov 06 16:14 : ffmpeg/mp3float: Could not update timestamps for skipped samples.
Nov 06 16:17 : ffmpeg/mp3float: Could not update timestamps for discarded samples.
Nov 06 16:17 : ffmpeg/mp3float: Could not update timestamps for skipped samples.
Nov 06 16:17 : player: played "05. Roaring 20s.mp3"
Nov 06 16:21 : ffmpeg/mp3float: Could not update timestamps for discarded samples.
Nov 06 16:21 : ffmpeg/mp3float: Could not update timestamps for skipped samples.
Nov 06 16:21 : player: played "06. Dancing's Not a Crime.mp3"
Nov 06 16:24 : ffmpeg/mp3float: Could not update timestamps for discarded samples.
Nov 06 16:24 : ffmpeg/mp3float: Could not update timestamps for skipped samples.
Nov 06 16:24 : ffmpeg/mp3float: Could not update timestamps for skipped samples.
Nov 06 16:24 : exception: Playlist is too large
Nov 06 16:26 : exception: Playlist is too large
Nov 06 16:27 : exception: Playlist is too large
Nov 06 16:27 : ffmpeg/mp3float: Could not update timestamps for discarded samples.
Nov 06 16:27 : ffmpeg/mp3float: Could not update timestamps for skipped samples.
Nov 06 16:28 : player: played "12 - Way Less Sad.mp3"
Nov 06 16:31 : ffmpeg/mp3float: Could not update timestamps for skipped samples.
Nov 06 16:32 : exception: Playlist is too large
Nov 06 16:32 : exception: Playlist is too large
Nov 06 16:33 : ffmpeg/mp3float: Could not update timestamps for discarded samples.
Nov 06 16:33 : ffmpeg/mp3float: Could not update timestamps for skipped samples.
Nov 06 16:34 : player: played "03. Hey Look Ma, I Made It.mp3"
Nov 06 16:34 : exception: Playlist is too large
Nov 06 16:34 : exception: Playlist is too large
Nov 06 16:37 : ffmpeg/mp3float: Could not update timestamps for discarded samples.
Nov 06 16:37 : ffmpeg/mp3float: Could not update timestamps for skipped samples.
Nov 06 16:37 : player: played "04. High Hopes.mp3"
Nov 06 16:38 : exception: Playlist is too large
Nov 06 16:39 : player: played "05. Roaring 20s.mp3"
Nov 06 16:41 : exception: Playlist is too large
Nov 06 16:42 : exception: Playlist is too large
Nov 06 16:43 : exception: Playlist is too large
Nov 06 16:43 : exception: Playlist is too large
Nov 06 16:44 : exception: Playlist is too large
Nov 06 16:44 : exception: Playlist is too large
Nov 06 16:44 : exception: Playlist is too large
Nov 06 16:47 : exception: Playlist is too large
Nov 06 16:50 : exception: Playlist is too large
Nov 06 16:50 : exception: Playlist is too large
Nov 06 16:52 : exception: Playlist is too large
Nov 06 16:57 : exception: Playlist is too large
Nov 06 16:58 : exception: Playlist is too large
Nov 06 16:59 : exception: Playlist is too large
Nov 06 17:04 : exception: Playlist is too large
Nov 06 17:04 : ffmpeg/mp3: Estimating duration from bitrate, this may be inaccurate
Nov 06 17:04 : update: added /02 Andante - Allegro.mp3
Nov 06 17:04 : ffmpeg/mp3: Estimating duration from bitrate, this may be inaccurate
Nov 06 17:04 : update: added /01 Allegro.mp3
Nov 06 17:04 : update: added /daily_download_20160108_128.mp3
Nov 06 17:04 : exception: Playlist is too large
Nov 06 17:04 : exception: Playlist is too large
Nov 06 17:07 : player: played "daily_download_20160108_128.mp3"
Nov 06 17:10 : ffmpeg/mp3: Estimating duration from bitrate, this may be inaccurate
Nov 06 17:10 : update: added /The Wand of Youth, Suite no. 1, Op. 1a - I. Overture ( For String Quartet - Jones).mp3
Nov 06 17:10 : ffmpeg/mp3: Estimating duration from bitrate, this may be inaccurate
Nov 06 17:10 : update: added /The Wand of Youth, Suite no. 1, Op. 1a - V. Fairy Pipers ( For String Quartet - Jones).mp3
Nov 06 17:10 : ffmpeg/mp3: Estimating duration from bitrate, this may be inaccurate
Nov 06 17:10 : update: added /The Wand of Youth, Suite no. 1, Op. 1a - III. Minuet ( For String Quartet - Jones).mp3
Nov 06 17:10 : ffmpeg/mp3: Estimating duration from bitrate, this may be inaccurate
Nov 06 17:10 : update: added /The Wand of Youth, Suite no. 1, Op. 1a - II. Serenade ( For String Quartet - Jones).mp3
Nov 06 17:10 : update: added /Britten-YoungPersonsGuideToTheOrchestra.mp3
Nov 06 17:10 : ffmpeg/mp3: Estimating duration from bitrate, this may be inaccurate
Nov 06 17:10 : update: added /The Wand of Youth, Suite no. 1, Op. 1a - IV. Sun Dance ( For String Quartet - Jones).mp3
Nov 06 17:11 : update: added /01.02. Adagio .mp3
Nov 06 17:11 : update: added /01.03. Polka Pizzicato - Valse- Romance .mp3
Nov 06 17:11 : update: added /01.04. Valse Scherzo (petite Ballerina) Galop .mp3
Nov 06 17:11 : update: added /02.01. The Montagues And The Capulets .mp3
Nov 06 17:11 : update: added /02.04. Dance Of The Maids From The Antiles Romeo At Juliet's Grave.mp3
Nov 06 17:11 : update: added /01.01. Valse Lyrique- Polka No.1.mp3
Nov 06 17:11 : update: added /02.02. Juliet (the Little Girl) - Friar Laurence .mp3
Nov 06 17:11 : update: added /02.03. Dance- Romeo And Juliet Before Parting .mp3
Nov 06 17:13 : ffmpeg/mp3: Estimating duration from bitrate, this may be inaccurate
Nov 06 17:13 : update: added /daily_download_20180105_128(1).mp3
Nov 06 17:19 : player: played "daily_download_20160108_128.mp3"
Nov 06 17:19 : ffmpeg/mp3: Estimating duration from bitrate, this may be inaccurate
Nov 06 17:24 : update: updating /The Wand of Youth, Suite no. 1, Op. 1a - I. Overture ( For String Quartet - Jones).mp3
Nov 06 17:24 : ffmpeg/mp3: Estimating duration from bitrate, this may be inaccurate
Nov 06 17:24 : update: updating /02 Andante - Allegro.mp3
Nov 06 17:24 : ffmpeg/mp3: Estimating duration from bitrate, this may be inaccurate
Nov 06 17:28 : update: updating /The Wand of Youth, Suite no. 1, Op. 1a - III. Minuet ( For String Quartet - Jones).mp3
Nov 06 17:28 : ffmpeg/mp3: Estimating duration from bitrate, this may be inaccurate
Nov 06 17:28 : update: updating /The Wand of Youth, Suite no. 1, Op. 1a - II. Serenade ( For String Quartet - Jones).mp3
Nov 06 17:28 : ffmpeg/mp3: Estimating duration from bitrate, this may be inaccurate
Nov 06 17:28 : update: updating /The Wand of Youth, Suite no. 1, Op. 1a - IV. Sun Dance ( For String Quartet - Jones).mp3
Nov 06 17:28 : ffmpeg/mp3: Estimating duration from bitrate, this may be inaccurate
Nov 06 17:28 : ffmpeg/mp3float: Could not update timestamps for skipped samples.
Nov 06 17:29 : player: played "Britten-YoungPersonsGuideToTheOrchestra.mp3"
Nov 06 17:36 : ffmpeg/mp3: Estimating duration from bitrate, this may be inaccurate
Nov 06 17:44 : ffmpeg/mp3: Estimating duration from bitrate, this may be inaccurate
Nov 06 17:45 : player: played "The Wand of Youth, Suite no. 1, Op. 1a - I. Overture ( For String Quartet - Jones).mp3"
Nov 06 17:45 : ffmpeg/mp3float: Could not update timestamps for skipped samples.
Nov 06 17:49 : ffmpeg/mp3float: Could not update timestamps for discarded samples.
Nov 06 17:49 : player: played "Danger Zone.mp3"
Nov 06 20:58 : ffmpeg/mp3: Estimating duration from bitrate, this may be inaccurate
Nov 06 20:59 : player: played "daily_download_20180105_128(1).mp3"
Nov 06 23:26 : player: played "daily_download_20160108_128.mp3"
Nov 07 17:15 : config: inotify: auto_update was disabled. enable during compilation phase
Nov 07 17:15 : player: played "daily_download_20160108_128.mp3"
Nov 07 22:20 : ffmpeg/mp3: Estimating duration from bitrate, this may be inaccurate
Nov 07 22:36 : ffmpeg/mp3float: Could not update timestamps for skipped samples.
Nov 07 22:36 : player: played "daily_download_20180105_128(1).mp3"
Nov 07 22:41 : player: played "Britten-YoungPersonsGuideToTheOrchestra.mp3"
Nov 07 22:42 : ffmpeg/mp3: Estimating duration from bitrate, this may be inaccurate
Nov 07 22:42 : player: played "02 Andante - Allegro.mp3"
Nov 07 22:43 : ffmpeg/mp3: Estimating duration from bitrate, this may be inaccurate
Nov 07 22:49 : player: played "02 Andante - Allegro.mp3"
Nov 08 13:46 : config: inotify: auto_update was disabled. enable during compilation phase
Nov 08 16:03 : config: inotify: auto_update was disabled. enable during compilation phase
Nov 08 18:51 : config: inotify: auto_update was disabled. enable during compilation phase
